<?xml version="1.0" encoding="UTF-8"?>
<!-- Generated by org.testng.reporters.JUnitXMLReporter -->
<testsuite ignored="0" hostname="COB1086589" failures="0" tests="2" name="ProductCatalogTest" time="17.581" errors="0" timestamp="2023-04-04T03:19:55 IST">
  <testcase classname="selFramework.frameworkdev.Tests.ProductCatalogTest" name="filterTest" time="0.849"/>
  <testcase classname="selFramework.frameworkdev.Tests.ProductCatalogTest" name="showingResultsTest" time="0.679"/>
</testsuite> <!-- ProductCatalogTest -->
