<?xml version="1.0" encoding="UTF-8"?>
<!-- Generated by org.testng.reporters.JUnitXMLReporter -->
<testsuite ignored="0" hostname="COB1086589" failures="0" tests="2" name="ProductCatalogTest" time="26.34" errors="0" timestamp="2023-03-28T04:47:20 IST">
  <testcase classname="selFramework.frameworkdev.Tests.ProductCatalogTest" name="filterTest" time="0.924"/>
  <testcase classname="selFramework.frameworkdev.Tests.ProductCatalogTest" name="showingResultsTest" time="1.05"/>
</testsuite> <!-- ProductCatalogTest -->
