<?xml version="1.0" encoding="UTF-8"?>
<testng-results ignored="0" total="5" passed="3" failed="1" skipped="1">
  <reporter-output>
  </reporter-output>
  <suite started-at="2023-04-04T03:19:37 IST" name="Suite" finished-at="2023-04-04T03:20:46 IST" duration-ms="68687">
    <groups>
      <group name="ProdCat">
        <method signature="ProductCatalogTest.filterTest()[pri:0, instance:selFramework.frameworkdev.Tests.ProductCatalogTest@6fd83fc1]" name="filterTest" class="selFramework.frameworkdev.Tests.ProductCatalogTest"/>
      </group> <!-- ProdCat -->
      <group name="SubOrder">
        <method signature="SubmitOrderTest.placeOrder(java.util.HashMap)[pri:0, instance:selFramework.frameworkdev.Tests.SubmitOrderTest@156b88f5]" name="placeOrder" class="selFramework.frameworkdev.Tests.SubmitOrderTest"/>
      </group> <!-- SubOrder -->
    </groups>
    <test started-at="2023-04-04T03:19:37 IST" name="ProductCatalogTest" finished-at="2023-04-04T03:19:55 IST" duration-ms="17581">
      <class name="selFramework.frameworkdev.Tests.ProductCatalogTest">
        <test-method is-config="true" signature="loginApplication()[pri:0, instance:selFramework.frameworkdev.Tests.ProductCatalogTest@6fd83fc1]" started-at="2023-04-04T03:19:37 IST" name="loginApplication" finished-at="2023-04-04T03:19:47 IST" duration-ms="9881" status="PASS">
          <reporter-output>
          </reporter-output>
        </test-method> <!-- loginApplication -->
        <test-method signature="filterTest()[pri:0, instance:selFramework.frameworkdev.Tests.ProductCatalogTest@6fd83fc1]" started-at="2023-04-04T03:19:47 IST" name="filterTest" finished-at="2023-04-04T03:19:48 IST" duration-ms="849" status="PASS">
          <reporter-output>
          </reporter-output>
        </test-method> <!-- filterTest -->
        <test-method is-config="true" signature="afterTest()[pri:0, instance:selFramework.frameworkdev.Tests.ProductCatalogTest@6fd83fc1]" started-at="2023-04-04T03:19:48 IST" name="afterTest" finished-at="2023-04-04T03:19:49 IST" duration-ms="367" status="PASS">
          <reporter-output>
          </reporter-output>
        </test-method> <!-- afterTest -->
        <test-method is-config="true" signature="loginApplication()[pri:0, instance:selFramework.frameworkdev.Tests.ProductCatalogTest@6fd83fc1]" started-at="2023-04-04T03:19:49 IST" name="loginApplication" finished-at="2023-04-04T03:19:54 IST" duration-ms="5280" status="PASS">
          <reporter-output>
          </reporter-output>
        </test-method> <!-- loginApplication -->
        <test-method signature="showingResultsTest()[pri:0, instance:selFramework.frameworkdev.Tests.ProductCatalogTest@6fd83fc1]" started-at="2023-04-04T03:19:54 IST" name="showingResultsTest" finished-at="2023-04-04T03:19:55 IST" duration-ms="679" status="PASS">
          <reporter-output>
          </reporter-output>
        </test-method> <!-- showingResultsTest -->
        <test-method is-config="true" signature="afterTest()[pri:0, instance:selFramework.frameworkdev.Tests.ProductCatalogTest@6fd83fc1]" started-at="2023-04-04T03:19:55 IST" name="afterTest" finished-at="2023-04-04T03:19:55 IST" duration-ms="443" status="PASS">
          <reporter-output>
          </reporter-output>
        </test-method> <!-- afterTest -->
      </class> <!-- selFramework.frameworkdev.Tests.ProductCatalogTest -->
    </test> <!-- ProductCatalogTest -->
    <test started-at="2023-04-04T03:19:37 IST" name="SubmitOrder" finished-at="2023-04-04T03:20:46 IST" duration-ms="68687">
      <class name="selFramework.frameworkdev.Tests.SubmitOrderTest">
        <test-method is-config="true" signature="loginApplication()[pri:0, instance:selFramework.frameworkdev.Tests.SubmitOrderTest@156b88f5]" started-at="2023-04-04T03:19:38 IST" name="loginApplication" finished-at="2023-04-04T03:19:47 IST" duration-ms="8891" status="PASS">
          <reporter-output>
          </reporter-output>
        </test-method> <!-- loginApplication -->
        <test-method signature="placeOrder(java.util.HashMap)[pri:0, instance:selFramework.frameworkdev.Tests.SubmitOrderTest@156b88f5]" started-at="2023-04-04T03:19:47 IST" name="placeOrder" data-provider="dataset" finished-at="2023-04-04T03:20:10 IST" duration-ms="22724" status="FAIL">
          <params>
            <param index="0">
              <value>
                <![CDATA[{item=ADIDAS ORIGINAL}]]>
              </value>
            </param>
          </params>
          <exception class="org.openqa.selenium.TimeoutException">
            <message>
              <![CDATA[Expected condition failed: waiting for visibility of element located by By.cssSelector: .itemNumber (tried for 7 second(s) with 500 milliseconds interval)
Build info: version: '4.8.1', revision: '8ebccac989'
System info: os.name: 'Windows 10', os.arch: 'amd64', os.version: '10.0', java.version: '11.0.18'
Driver info: org.openqa.selenium.chrome.ChromeDriver
Capabilities {acceptInsecureCerts: false, browserName: chrome, browserVersion: 111.0.5563.111, chrome: {chromedriverVersion: 111.0.5563.64 (c710e93d5b63..., userDataDir: C:\Users\pli6cob\AppData\Lo...}, goog:chromeOptions: {debuggerAddress: localhost:58987}, networkConnectionEnabled: false, pageLoadStrategy: normal, platformName: WINDOWS, proxy: Proxy(), se:cdp: ws://localhost:58987/devtoo..., se:cdpVersion: 111.0.5563.111, setWindowRect: true, strictFileInteractability: false, timeouts: {implicit: 0, pageLoad: 300000, script: 30000}, unhandledPromptBehavior: dismiss and notify, webauthn:extension:credBlob: true, webauthn:extension:largeBlob: true, webauthn:extension:minPinLength: true, webauthn:extension:prf: true, webauthn:virtualAuthenticators: true}
Session ID: 75f8e75f47659f2756e33ced1f0c2f17]]>
            </message>
            <full-stacktrace>
              <![CDATA[org.openqa.selenium.TimeoutException: Expected condition failed: waiting for visibility of element located by By.cssSelector: .itemNumber (tried for 7 second(s) with 500 milliseconds interval)
Build info: version: '4.8.1', revision: '8ebccac989'
System info: os.name: 'Windows 10', os.arch: 'amd64', os.version: '10.0', java.version: '11.0.18'
Driver info: org.openqa.selenium.chrome.ChromeDriver
Capabilities {acceptInsecureCerts: false, browserName: chrome, browserVersion: 111.0.5563.111, chrome: {chromedriverVersion: 111.0.5563.64 (c710e93d5b63..., userDataDir: C:\Users\pli6cob\AppData\Lo...}, goog:chromeOptions: {debuggerAddress: localhost:58987}, networkConnectionEnabled: false, pageLoadStrategy: normal, platformName: WINDOWS, proxy: Proxy(), se:cdp: ws://localhost:58987/devtoo..., se:cdpVersion: 111.0.5563.111, setWindowRect: true, strictFileInteractability: false, timeouts: {implicit: 0, pageLoad: 300000, script: 30000}, unhandledPromptBehavior: dismiss and notify, webauthn:extension:credBlob: true, webauthn:extension:largeBlob: true, webauthn:extension:minPinLength: true, webauthn:extension:prf: true, webauthn:virtualAuthenticators: true}
Session ID: 75f8e75f47659f2756e33ced1f0c2f17
at org.openqa.selenium.support.ui.WebDriverWait.timeoutException(WebDriverWait.java:87)
at org.openqa.selenium.support.ui.FluentWait.until(FluentWait.java:231)
at selFramework.frameworkdev.AbstractComponets.AbstractComponents.waitForElementVisibility(AbstractComponents.java:36)
at selFramework.frameworkdev.AbstractComponets.AbstractComponents.goToCart(AbstractComponents.java:53)
at selFramework.frameworkdev.Tests.SubmitOrderTest.placeOrder(SubmitOrderTest.java:40)
at java.base/jdk.internal.reflect.NativeMethodAccessorImpl.invoke0(Native Method)
at java.base/jdk.internal.reflect.NativeMethodAccessorImpl.invoke(NativeMethodAccessorImpl.java:62)
at java.base/jdk.internal.reflect.DelegatingMethodAccessorImpl.invoke(DelegatingMethodAccessorImpl.java:43)
at java.base/java.lang.reflect.Method.invoke(Method.java:566)
at org.testng.internal.MethodInvocationHelper.invokeMethod(MethodInvocationHelper.java:132)
at org.testng.internal.TestInvoker.invokeMethod(TestInvoker.java:599)
at org.testng.internal.TestInvoker.invokeTestMethod(TestInvoker.java:174)
at org.testng.internal.MethodRunner.runInSequence(MethodRunner.java:46)
at org.testng.internal.TestInvoker$MethodInvocationAgent.invoke(TestInvoker.java:822)
at org.testng.internal.TestInvoker.invokeTestMethods(TestInvoker.java:147)
at org.testng.internal.TestMethodWorker.invokeTestMethods(TestMethodWorker.java:146)
at org.testng.internal.TestMethodWorker.run(TestMethodWorker.java:128)
at java.base/java.util.ArrayList.forEach(ArrayList.java:1541)
at org.testng.TestRunner.privateRun(TestRunner.java:764)
at org.testng.TestRunner.run(TestRunner.java:585)
at org.testng.SuiteRunner.runTest(SuiteRunner.java:384)
at org.testng.SuiteRunner.access$000(SuiteRunner.java:28)
at org.testng.SuiteRunner$SuiteWorker.run(SuiteRunner.java:425)
at org.testng.internal.thread.ThreadUtil.lambda$execute$0(ThreadUtil.java:66)
at java.base/java.util.concurrent.FutureTask.run(FutureTask.java:264)
at java.base/java.util.concurrent.ThreadPoolExecutor.runWorker(ThreadPoolExecutor.java:1128)
at java.base/java.util.concurrent.ThreadPoolExecutor$Worker.run(ThreadPoolExecutor.java:628)
at java.base/java.lang.Thread.run(Thread.java:829)
]]>
            </full-stacktrace>
          </exception> <!-- org.openqa.selenium.TimeoutException -->
          <reporter-output>
          </reporter-output>
        </test-method> <!-- placeOrder -->
        <test-method is-config="true" signature="afterTest()[pri:0, instance:selFramework.frameworkdev.Tests.SubmitOrderTest@156b88f5]" started-at="2023-04-04T03:20:10 IST" name="afterTest" finished-at="2023-04-04T03:20:10 IST" duration-ms="255" status="PASS">
          <reporter-output>
          </reporter-output>
        </test-method> <!-- afterTest -->
        <test-method is-config="true" signature="loginApplication()[pri:0, instance:selFramework.frameworkdev.Tests.SubmitOrderTest@156b88f5]" started-at="2023-04-04T03:20:10 IST" name="loginApplication" finished-at="2023-04-04T03:20:16 IST" duration-ms="5886" status="PASS">
          <reporter-output>
          </reporter-output>
        </test-method> <!-- loginApplication -->
        <test-method signature="placeOrder(java.util.HashMap)[pri:0, instance:selFramework.frameworkdev.Tests.SubmitOrderTest@156b88f5]" started-at="2023-04-04T03:20:16 IST" name="placeOrder" data-provider="dataset" finished-at="2023-04-04T03:20:46 IST" duration-ms="29750" status="PASS">
          <params>
            <param index="0">
              <value>
                <![CDATA[{item=ZARA COAT 3}]]>
              </value>
            </param>
          </params>
          <reporter-output>
          </reporter-output>
        </test-method> <!-- placeOrder -->
        <test-method is-config="true" signature="afterTest()[pri:0, instance:selFramework.frameworkdev.Tests.SubmitOrderTest@156b88f5]" started-at="2023-04-04T03:20:46 IST" name="afterTest" finished-at="2023-04-04T03:20:46 IST" duration-ms="476" status="PASS">
          <reporter-output>
          </reporter-output>
        </test-method> <!-- afterTest -->
        <test-method signature="orderValidation(java.util.HashMap)[pri:0, instance:selFramework.frameworkdev.Tests.SubmitOrderTest@156b88f5]" started-at="2023-04-04T03:20:46 IST" name="orderValidation" data-provider="dataset" finished-at="2023-04-04T03:20:46 IST" depends-on-methods="selFramework.frameworkdev.Tests.SubmitOrderTest.placeOrder" duration-ms="0" status="SKIP">
          <exception class="java.lang.Throwable">
            <message>
              <![CDATA[Method SubmitOrderTest.orderValidation(java.util.HashMap)[pri:0, instance:selFramework.frameworkdev.Tests.SubmitOrderTest@156b88f5] depends on not successfully finished methods]]>
            </message>
            <full-stacktrace>
              <![CDATA[java.lang.Throwable: Method SubmitOrderTest.orderValidation(java.util.HashMap)[pri:0, instance:selFramework.frameworkdev.Tests.SubmitOrderTest@156b88f5] depends on not successfully finished methods
at org.testng.internal.TestInvoker.invokeTestMethods(TestInvoker.java:102)
at org.testng.internal.TestMethodWorker.invokeTestMethods(TestMethodWorker.java:146)
at org.testng.internal.TestMethodWorker.run(TestMethodWorker.java:128)
at java.base/java.util.ArrayList.forEach(ArrayList.java:1541)
at org.testng.TestRunner.privateRun(TestRunner.java:764)
at org.testng.TestRunner.run(TestRunner.java:585)
at org.testng.SuiteRunner.runTest(SuiteRunner.java:384)
at org.testng.SuiteRunner.access$000(SuiteRunner.java:28)
at org.testng.SuiteRunner$SuiteWorker.run(SuiteRunner.java:425)
at org.testng.internal.thread.ThreadUtil.lambda$execute$0(ThreadUtil.java:66)
at java.base/java.util.concurrent.FutureTask.run(FutureTask.java:264)
at java.base/java.util.concurrent.ThreadPoolExecutor.runWorker(ThreadPoolExecutor.java:1128)
at java.base/java.util.concurrent.ThreadPoolExecutor$Worker.run(ThreadPoolExecutor.java:628)
at java.base/java.lang.Thread.run(Thread.java:829)
]]>
            </full-stacktrace>
          </exception> <!-- java.lang.Throwable -->
          <reporter-output>
          </reporter-output>
        </test-method> <!-- orderValidation -->
      </class> <!-- selFramework.frameworkdev.Tests.SubmitOrderTest -->
    </test> <!-- SubmitOrder -->
  </suite> <!-- Suite -->
</testng-results>
